<?xml version="1.0" encoding="UTF-8"?>
<!-- Generated by org.testng.reporters.JUnitXMLReporter -->
<testsuite hostname="DESKTOP-OJD6TFS" name="Default test" tests="3" failures="0" timestamp="17 Jun 2020 20:26:56 GMT" time="68.714" errors="0">
  <testcase name="loginToWordpress" time="22.482" classname="com.shoaib.login.WordpressLogin"/>
  <testcase name="loginToWordpress" time="25.194" classname="com.shoaib.login.WordpressLogin"/>
  <testcase name="loginToWordpress" time="21.019" classname="com.shoaib.login.WordpressLogin"/>
</testsuite> <!-- Default test -->
