<?xml version="1.0" encoding="UTF-8"?>
<testng-results skipped="0" failed="0" total="3" passed="3">
  <reporter-output>
  </reporter-output>
  <suite name="Default suite" duration-ms="68714" started-at="2020-06-17T20:25:47Z" finished-at="2020-06-17T20:26:56Z">
    <groups>
    </groups>
    <test name="Default test" duration-ms="68714" started-at="2020-06-17T20:25:47Z" finished-at="2020-06-17T20:26:56Z">
      <class name="com.shoaib.login.WordpressLogin">
        <test-method status="PASS" signature="loginToWordpress(java.lang.String, java.lang.String)[pri:0, instance:com.shoaib.login.WordpressLogin@7907ec20]" name="loginToWordpress" duration-ms="22482" started-at="2020-06-18T01:55:47Z" data-provider="wordpressData" finished-at="2020-06-18T01:56:10Z">
          <params>
            <param index="0">
              <value>
                <![CDATA[admin1]]>
              </value>
            </param>
            <param index="1">
              <value>
                <![CDATA[demo1]]>
              </value>
            </param>
          </params>
          <reporter-output>
          </reporter-output>
        </test-method> <!-- loginToWordpress -->
        <test-method status="PASS" signature="loginToWordpress(java.lang.String, java.lang.String)[pri:0, instance:com.shoaib.login.WordpressLogin@7907ec20]" name="loginToWordpress" duration-ms="25194" started-at="2020-06-18T01:56:10Z" data-provider="wordpressData" finished-at="2020-06-18T01:56:35Z">
          <params>
            <param index="0">
              <value>
                <![CDATA[admin]]>
              </value>
            </param>
            <param index="1">
              <value>
                <![CDATA[demo123]]>
              </value>
            </param>
          </params>
          <reporter-output>
          </reporter-output>
        </test-method> <!-- loginToWordpress -->
        <test-method status="PASS" signature="loginToWordpress(java.lang.String, java.lang.String)[pri:0, instance:com.shoaib.login.WordpressLogin@7907ec20]" name="loginToWordpress" duration-ms="21019" started-at="2020-06-18T01:56:35Z" data-provider="wordpressData" finished-at="2020-06-18T01:56:56Z">
          <params>
            <param index="0">
              <value>
                <![CDATA[admin1]]>
              </value>
            </param>
            <param index="1">
              <value>
                <![CDATA[demo1]]>
              </value>
            </param>
          </params>
          <reporter-output>
          </reporter-output>
        </test-method> <!-- loginToWordpress -->
      </class> <!-- com.shoaib.login.WordpressLogin -->
    </test> <!-- Default test -->
  </suite> <!-- Default suite -->
</testng-results>
